15-Aug-2017 09:10:49.685 INFO [main] org.apache.catalina.startup.VersionLoggerListener.log Server version:        Apache Tomcat/9.0.0.M26
15-Aug-2017 09:10:49.749 INFO [main] org.apache.catalina.startup.VersionLoggerListener.log Server built:          Aug 2 2017 20:29:05 UTC
15-Aug-2017 09:10:49.749 INFO [main] org.apache.catalina.startup.VersionLoggerListener.log Server number:         9.0.0.0
15-Aug-2017 09:10:49.750 INFO [main] org.apache.catalina.startup.VersionLoggerListener.log OS Name:               Windows 10
15-Aug-2017 09:10:49.750 INFO [main] org.apache.catalina.startup.VersionLoggerListener.log OS Version:            10.0
15-Aug-2017 09:10:49.750 INFO [main] org.apache.catalina.startup.VersionLoggerListener.log Architecture:          amd64
15-Aug-2017 09:10:49.750 INFO [main] org.apache.catalina.startup.VersionLoggerListener.log Java Home:             C:\Program Files\Java\jdk1.8.0_144\jre
15-Aug-2017 09:10:49.750 INFO [main] org.apache.catalina.startup.VersionLoggerListener.log JVM Version:           1.8.0_144-b01
15-Aug-2017 09:10:49.751 INFO [main] org.apache.catalina.startup.VersionLoggerListener.log JVM Vendor:            Oracle Corporation
15-Aug-2017 09:10:49.751 INFO [main] org.apache.catalina.startup.VersionLoggerListener.log CATALINA_BASE:         C:\Elastic\knowspace-fork\ks-j\apache-tomcat-9.0.0.M26
15-Aug-2017 09:10:49.751 INFO [main] org.apache.catalina.startup.VersionLoggerListener.log CATALINA_HOME:         C:\Elastic\knowspace-fork\ks-j\apache-tomcat-9.0.0.M26
15-Aug-2017 09:10:49.751 INFO [main] org.apache.catalina.startup.VersionLoggerListener.log Command line argument: -Djava.util.logging.config.file=C:\Elastic\knowspace-fork\ks-j\apache-tomcat-9.0.0.M26\conf\logging.properties
15-Aug-2017 09:10:49.752 INFO [main] org.apache.catalina.startup.VersionLoggerListener.log Command line argument: -Djava.util.logging.manager=org.apache.juli.ClassLoaderLogManager
15-Aug-2017 09:10:49.752 INFO [main] org.apache.catalina.startup.VersionLoggerListener.log Command line argument: -Djdk.tls.ephemeralDHKeySize=2048
15-Aug-2017 09:10:49.752 INFO [main] org.apache.catalina.startup.VersionLoggerListener.log Command line argument: -Djava.protocol.handler.pkgs=org.apache.catalina.webresources
15-Aug-2017 09:10:49.752 INFO [main] org.apache.catalina.startup.VersionLoggerListener.log Command line argument: -Dcatalina.base=C:\Elastic\knowspace-fork\ks-j\apache-tomcat-9.0.0.M26
15-Aug-2017 09:10:49.752 INFO [main] org.apache.catalina.startup.VersionLoggerListener.log Command line argument: -Dcatalina.home=C:\Elastic\knowspace-fork\ks-j\apache-tomcat-9.0.0.M26
15-Aug-2017 09:10:49.753 INFO [main] org.apache.catalina.startup.VersionLoggerListener.log Command line argument: -Djava.io.tmpdir=C:\Elastic\knowspace-fork\ks-j\apache-tomcat-9.0.0.M26\temp
15-Aug-2017 09:10:49.753 INFO [main] org.apache.catalina.core.AprLifecycleListener.lifecycleEvent Loaded APR based Apache Tomcat Native library [1.2.12] using APR version [1.5.2].
15-Aug-2017 09:10:49.753 INFO [main] org.apache.catalina.core.AprLifecycleListener.lifecycleEvent APR capabilities: IPv6 [true], sendfile [true], accept filters [false], random [true].
15-Aug-2017 09:10:49.753 INFO [main] org.apache.catalina.core.AprLifecycleListener.lifecycleEvent APR/OpenSSL configuration: useAprConnector [false], useOpenSSL [true]
15-Aug-2017 09:10:50.684 INFO [main] org.apache.catalina.core.AprLifecycleListener.initializeSSL OpenSSL successfully initialized [OpenSSL 1.0.2k  26 Jan 2017]
15-Aug-2017 09:10:51.571 INFO [main] org.apache.coyote.AbstractProtocol.init Initializing ProtocolHandler ["http-nio-8080"]
15-Aug-2017 09:10:51.787 INFO [main] org.apache.tomcat.util.net.NioSelectorPool.getSharedSelector Using a shared selector for servlet write/read
15-Aug-2017 09:10:51.798 INFO [main] org.apache.coyote.AbstractProtocol.init Initializing ProtocolHandler ["ajp-nio-8009"]
15-Aug-2017 09:10:51.801 INFO [main] org.apache.tomcat.util.net.NioSelectorPool.getSharedSelector Using a shared selector for servlet write/read
15-Aug-2017 09:10:51.802 INFO [main] org.apache.catalina.startup.Catalina.load Initialization processed in 4498 ms
15-Aug-2017 09:10:51.904 INFO [main] org.apache.catalina.core.StandardService.startInternal Starting service [Catalina]
15-Aug-2017 09:10:51.904 INFO [main] org.apache.catalina.core.StandardEngine.startInternal Starting Servlet Engine: Apache Tomcat/9.0.0.M26
15-Aug-2017 09:10:52.015 INFO [main] org.apache.catalina.startup.HostConfig.deployWAR Deploying web application archive [C:\Elastic\knowspace-fork\ks-j\apache-tomcat-9.0.0.M26\webapps\ks-j-0.0.1-SNAPSHOT.war]
15-Aug-2017 09:10:55.975 INFO [main] org.apache.jasper.servlet.TldScanner.scanJars At least one JAR was scanned for TLDs yet contained no TLDs. Enable debug logging for this logger for a complete list of JARs that were scanned but no TLDs were found in them. Skipping unneeded JARs during scanning can improve startup time and JSP compilation time.
15-Aug-2017 09:10:56.123 INFO [main] org.springframework.web.context.ContextLoader.initWebApplicationContext Root WebApplicationContext: initialization started
15-Aug-2017 09:10:56.178 INFO [main] org.springframework.context.support.AbstractApplicationContext.prepareRefresh Refreshing Root WebApplicationContext: startup date [Tue Aug 15 09:10:56 EDT 2017]; root of context hierarchy
15-Aug-2017 09:10:56.243 INFO [main] org.springframework.beans.factory.xml.XmlBeanDefinitionReader.loadBeanDefinitions Loading XML bean definitions from class path resource [applicationContext.xml]
15-Aug-2017 09:10:56.935 INFO [main] org.springframework.beans.factory.support.DefaultListableBeanFactory.preInstantiateSingletons Pre-instantiating singletons in org.springframework.beans.factory.support.DefaultListableBeanFactory@31b82e0f: defining beans [paymentService,org.springframework.context.annotation.internalConfigurationAnnotationProcessor,org.springframework.context.annotation.internalAutowiredAnnotationProcessor,org.springframework.context.annotation.internalRequiredAnnotationProcessor,org.springframework.context.annotation.internalCommonAnnotationProcessor,transactionBo]; root of factory hierarchy
15-Aug-2017 09:10:57.082 INFO [main] org.springframework.web.context.ContextLoader.initWebApplicationContext Root WebApplicationContext: initialization completed in 959 ms
15-Aug-2017 09:10:57.106 INFO [main] com.sun.jersey.api.core.PackagesResourceConfig.init Scanning for root resource and provider classes in the packages:
  com.mkyong.rest
15-Aug-2017 09:10:57.137 INFO [main] com.sun.jersey.api.core.ScanningResourceConfig.logClasses Root resource classes found:
  class com.mkyong.rest.PaymentService
15-Aug-2017 09:10:57.137 INFO [main] com.sun.jersey.api.core.ScanningResourceConfig.init No provider classes found.
15-Aug-2017 09:10:57.264 INFO [main] com.sun.jersey.spi.spring.container.servlet.SpringServlet.getContext Using default applicationContext
15-Aug-2017 09:10:57.267 INFO [main] com.sun.jersey.spi.spring.container.SpringComponentProviderFactory.registerSpringBeans Registering Spring bean, paymentService, of type com.mkyong.rest.PaymentService as a root resource class
15-Aug-2017 09:10:57.273 INFO [main] com.sun.jersey.server.impl.application.WebApplicationImpl._initiate Initiating Jersey application, version 'Jersey: 1.19.4 05/24/2017 03:20 PM'
15-Aug-2017 09:10:58.302 INFO [main] org.apache.catalina.startup.HostConfig.deployWAR Deployment of web application archive [C:\Elastic\knowspace-fork\ks-j\apache-tomcat-9.0.0.M26\webapps\ks-j-0.0.1-SNAPSHOT.war] has finished in [6,287] ms
15-Aug-2017 09:10:58.304 INFO [main] org.apache.catalina.startup.HostConfig.deployDirectory Deploying web application directory [C:\Elastic\knowspace-fork\ks-j\apache-tomcat-9.0.0.M26\webapps\docs]
15-Aug-2017 09:10:58.335 INFO [main] org.apache.catalina.startup.HostConfig.deployDirectory Deployment of web application directory [C:\Elastic\knowspace-fork\ks-j\apache-tomcat-9.0.0.M26\webapps\docs] has finished in [31] ms
15-Aug-2017 09:10:58.336 INFO [main] org.apache.catalina.startup.HostConfig.deployDirectory Deploying web application directory [C:\Elastic\knowspace-fork\ks-j\apache-tomcat-9.0.0.M26\webapps\examples]
15-Aug-2017 09:10:59.092 INFO [main] org.apache.catalina.startup.HostConfig.deployDirectory Deployment of web application directory [C:\Elastic\knowspace-fork\ks-j\apache-tomcat-9.0.0.M26\webapps\examples] has finished in [755] ms
15-Aug-2017 09:10:59.092 INFO [main] org.apache.catalina.startup.HostConfig.deployDirectory Deploying web application directory [C:\Elastic\knowspace-fork\ks-j\apache-tomcat-9.0.0.M26\webapps\host-manager]
15-Aug-2017 09:10:59.221 INFO [main] org.apache.catalina.startup.HostConfig.deployDirectory Deployment of web application directory [C:\Elastic\knowspace-fork\ks-j\apache-tomcat-9.0.0.M26\webapps\host-manager] has finished in [129] ms
15-Aug-2017 09:10:59.222 INFO [main] org.apache.catalina.startup.HostConfig.deployDirectory Deploying web application directory [C:\Elastic\knowspace-fork\ks-j\apache-tomcat-9.0.0.M26\webapps\manager]
15-Aug-2017 09:10:59.321 INFO [main] org.apache.catalina.startup.HostConfig.deployDirectory Deployment of web application directory [C:\Elastic\knowspace-fork\ks-j\apache-tomcat-9.0.0.M26\webapps\manager] has finished in [98] ms
15-Aug-2017 09:10:59.321 INFO [main] org.apache.catalina.startup.HostConfig.deployDirectory Deploying web application directory [C:\Elastic\knowspace-fork\ks-j\apache-tomcat-9.0.0.M26\webapps\ROOT]
15-Aug-2017 09:10:59.362 INFO [main] org.apache.catalina.startup.HostConfig.deployDirectory Deployment of web application directory [C:\Elastic\knowspace-fork\ks-j\apache-tomcat-9.0.0.M26\webapps\ROOT] has finished in [41] ms
15-Aug-2017 09:10:59.365 INFO [main] org.apache.coyote.AbstractProtocol.start Starting ProtocolHandler ["http-nio-8080"]
15-Aug-2017 09:10:59.373 INFO [main] org.apache.coyote.AbstractProtocol.start Starting ProtocolHandler ["ajp-nio-8009"]
15-Aug-2017 09:10:59.376 INFO [main] org.apache.catalina.startup.Catalina.start Server startup in 7574 ms
15-Aug-2017 09:23:19.613 INFO [ContainerBackgroundProcessor[StandardEngine[Catalina]]] org.apache.catalina.startup.HostConfig.deployWAR Deploying web application archive [C:\Elastic\knowspace-fork\ks-j\apache-tomcat-9.0.0.M26\webapps\ks.war]
15-Aug-2017 09:23:20.535 INFO [ContainerBackgroundProcessor[StandardEngine[Catalina]]] org.apache.jasper.servlet.TldScanner.scanJars At least one JAR was scanned for TLDs yet contained no TLDs. Enable debug logging for this logger for a complete list of JARs that were scanned but no TLDs were found in them. Skipping unneeded JARs during scanning can improve startup time and JSP compilation time.
15-Aug-2017 09:23:20.565 INFO [ContainerBackgroundProcessor[StandardEngine[Catalina]]] org.springframework.web.context.ContextLoader.initWebApplicationContext Root WebApplicationContext: initialization started
15-Aug-2017 09:23:20.610 INFO [ContainerBackgroundProcessor[StandardEngine[Catalina]]] org.springframework.context.support.AbstractApplicationContext.prepareRefresh Refreshing Root WebApplicationContext: startup date [Tue Aug 15 09:23:20 EDT 2017]; root of context hierarchy
15-Aug-2017 09:23:20.687 INFO [ContainerBackgroundProcessor[StandardEngine[Catalina]]] org.springframework.beans.factory.xml.XmlBeanDefinitionReader.loadBeanDefinitions Loading XML bean definitions from class path resource [applicationContext.xml]
15-Aug-2017 09:23:20.925 INFO [ContainerBackgroundProcessor[StandardEngine[Catalina]]] org.springframework.beans.factory.support.DefaultListableBeanFactory.preInstantiateSingletons Pre-instantiating singletons in org.springframework.beans.factory.support.DefaultListableBeanFactory@4e2429c3: defining beans [paymentService,org.springframework.context.annotation.internalConfigurationAnnotationProcessor,org.springframework.context.annotation.internalAutowiredAnnotationProcessor,org.springframework.context.annotation.internalRequiredAnnotationProcessor,org.springframework.context.annotation.internalCommonAnnotationProcessor,transactionBo]; root of factory hierarchy
15-Aug-2017 09:23:20.950 INFO [ContainerBackgroundProcessor[StandardEngine[Catalina]]] org.springframework.web.context.ContextLoader.initWebApplicationContext Root WebApplicationContext: initialization completed in 384 ms
15-Aug-2017 09:23:20.964 INFO [ContainerBackgroundProcessor[StandardEngine[Catalina]]] com.sun.jersey.api.core.PackagesResourceConfig.init Scanning for root resource and provider classes in the packages:
  com.mkyong.rest
15-Aug-2017 09:23:20.992 INFO [ContainerBackgroundProcessor[StandardEngine[Catalina]]] com.sun.jersey.api.core.ScanningResourceConfig.logClasses Root resource classes found:
  class com.mkyong.rest.PaymentService
15-Aug-2017 09:23:20.993 INFO [ContainerBackgroundProcessor[StandardEngine[Catalina]]] com.sun.jersey.api.core.ScanningResourceConfig.init No provider classes found.
15-Aug-2017 09:23:21.081 INFO [ContainerBackgroundProcessor[StandardEngine[Catalina]]] com.sun.jersey.spi.spring.container.servlet.SpringServlet.getContext Using default applicationContext
15-Aug-2017 09:23:21.083 INFO [ContainerBackgroundProcessor[StandardEngine[Catalina]]] com.sun.jersey.spi.spring.container.SpringComponentProviderFactory.registerSpringBeans Registering Spring bean, paymentService, of type com.mkyong.rest.PaymentService as a root resource class
15-Aug-2017 09:23:21.086 INFO [ContainerBackgroundProcessor[StandardEngine[Catalina]]] com.sun.jersey.server.impl.application.WebApplicationImpl._initiate Initiating Jersey application, version 'Jersey: 1.19.4 05/24/2017 03:20 PM'
15-Aug-2017 09:23:21.967 INFO [ContainerBackgroundProcessor[StandardEngine[Catalina]]] org.apache.catalina.startup.HostConfig.deployWAR Deployment of web application archive [C:\Elastic\knowspace-fork\ks-j\apache-tomcat-9.0.0.M26\webapps\ks.war] has finished in [2,354] ms
15-Aug-2017 09:23:32.470 INFO [ContainerBackgroundProcessor[StandardEngine[Catalina]]] org.apache.catalina.startup.HostConfig.undeploy Undeploying context [/ks-j-0.0.1-SNAPSHOT]
15-Aug-2017 09:23:32.474 INFO [ContainerBackgroundProcessor[StandardEngine[Catalina]]] org.springframework.context.support.AbstractApplicationContext.doClose Closing Root WebApplicationContext: startup date [Tue Aug 15 09:10:56 EDT 2017]; root of context hierarchy
15-Aug-2017 09:23:32.475 INFO [ContainerBackgroundProcessor[StandardEngine[Catalina]]] org.springframework.beans.factory.support.DefaultSingletonBeanRegistry.destroySingletons Destroying singletons in org.springframework.beans.factory.support.DefaultListableBeanFactory@31b82e0f: defining beans [paymentService,org.springframework.context.annotation.internalConfigurationAnnotationProcessor,org.springframework.context.annotation.internalAutowiredAnnotationProcessor,org.springframework.context.annotation.internalRequiredAnnotationProcessor,org.springframework.context.annotation.internalCommonAnnotationProcessor,transactionBo]; root of factory hierarchy
15-Aug-2017 09:51:53.221 INFO [ContainerBackgroundProcessor[StandardEngine[Catalina]]] org.apache.catalina.startup.HostConfig.undeploy Undeploying context [/ks]
15-Aug-2017 09:51:53.222 INFO [ContainerBackgroundProcessor[StandardEngine[Catalina]]] org.springframework.context.support.AbstractApplicationContext.doClose Closing Root WebApplicationContext: startup date [Tue Aug 15 09:23:20 EDT 2017]; root of context hierarchy
15-Aug-2017 09:51:53.223 INFO [ContainerBackgroundProcessor[StandardEngine[Catalina]]] org.springframework.beans.factory.support.DefaultSingletonBeanRegistry.destroySingletons Destroying singletons in org.springframework.beans.factory.support.DefaultListableBeanFactory@4e2429c3: defining beans [paymentService,org.springframework.context.annotation.internalConfigurationAnnotationProcessor,org.springframework.context.annotation.internalAutowiredAnnotationProcessor,org.springframework.context.annotation.internalRequiredAnnotationProcessor,org.springframework.context.annotation.internalCommonAnnotationProcessor,transactionBo]; root of factory hierarchy
15-Aug-2017 09:51:53.256 INFO [ContainerBackgroundProcessor[StandardEngine[Catalina]]] org.apache.catalina.startup.HostConfig.deployWAR Deploying web application archive [C:\Elastic\knowspace-fork\ks-j\apache-tomcat-9.0.0.M26\webapps\ks.war]
15-Aug-2017 09:51:54.361 INFO [ContainerBackgroundProcessor[StandardEngine[Catalina]]] org.springframework.web.context.ContextLoader.initWebApplicationContext Root WebApplicationContext: initialization started
15-Aug-2017 09:51:54.402 INFO [ContainerBackgroundProcessor[StandardEngine[Catalina]]] org.springframework.context.support.AbstractApplicationContext.prepareRefresh Refreshing Root WebApplicationContext: startup date [Tue Aug 15 09:51:54 EDT 2017]; root of context hierarchy
15-Aug-2017 09:51:54.461 INFO [ContainerBackgroundProcessor[StandardEngine[Catalina]]] org.springframework.beans.factory.xml.XmlBeanDefinitionReader.loadBeanDefinitions Loading XML bean definitions from class path resource [applicationContext.xml]
15-Aug-2017 09:51:54.659 INFO [ContainerBackgroundProcessor[StandardEngine[Catalina]]] org.springframework.beans.factory.support.DefaultListableBeanFactory.preInstantiateSingletons Pre-instantiating singletons in org.springframework.beans.factory.support.DefaultListableBeanFactory@34abbec7: defining beans [wikiService,org.springframework.context.annotation.internalConfigurationAnnotationProcessor,org.springframework.context.annotation.internalAutowiredAnnotationProcessor,org.springframework.context.annotation.internalRequiredAnnotationProcessor,org.springframework.context.annotation.internalCommonAnnotationProcessor,transactionBo]; root of factory hierarchy
15-Aug-2017 09:51:54.679 INFO [ContainerBackgroundProcessor[StandardEngine[Catalina]]] org.springframework.web.context.ContextLoader.initWebApplicationContext Root WebApplicationContext: initialization completed in 318 ms
15-Aug-2017 09:51:54.691 INFO [ContainerBackgroundProcessor[StandardEngine[Catalina]]] com.sun.jersey.api.core.PackagesResourceConfig.init Scanning for root resource and provider classes in the packages:
  com.ks.rest
15-Aug-2017 09:51:54.718 INFO [ContainerBackgroundProcessor[StandardEngine[Catalina]]] com.sun.jersey.api.core.ScanningResourceConfig.logClasses Root resource classes found:
  class com.ks.rest.WikiService
15-Aug-2017 09:51:54.719 INFO [ContainerBackgroundProcessor[StandardEngine[Catalina]]] com.sun.jersey.api.core.ScanningResourceConfig.init No provider classes found.
15-Aug-2017 09:51:54.869 INFO [ContainerBackgroundProcessor[StandardEngine[Catalina]]] com.sun.jersey.spi.spring.container.servlet.SpringServlet.getContext Using default applicationContext
15-Aug-2017 09:51:54.871 INFO [ContainerBackgroundProcessor[StandardEngine[Catalina]]] com.sun.jersey.spi.spring.container.SpringComponentProviderFactory.registerSpringBeans Registering Spring bean, wikiService, of type com.ks.rest.WikiService as a root resource class
15-Aug-2017 09:51:54.875 INFO [ContainerBackgroundProcessor[StandardEngine[Catalina]]] com.sun.jersey.server.impl.application.WebApplicationImpl._initiate Initiating Jersey application, version 'Jersey: 1.19.4 05/24/2017 03:20 PM'
15-Aug-2017 09:51:55.595 WARNING [ContainerBackgroundProcessor[StandardEngine[Catalina]]] com.sun.jersey.spi.inject.Errors.processErrorMessages The following warnings have been detected with resource and/or provider classes:
  WARNING: A sub-resource method, public javax.ws.rs.core.Response com.ks.rest.WikiService.savePayment(), with URI template, "/", is treated as a resource method
15-Aug-2017 09:51:55.598 INFO [ContainerBackgroundProcessor[StandardEngine[Catalina]]] org.apache.catalina.startup.HostConfig.deployWAR Deployment of web application archive [C:\Elastic\knowspace-fork\ks-j\apache-tomcat-9.0.0.M26\webapps\ks.war] has finished in [2,342] ms
15-Aug-2017 11:19:08.140 INFO [ContainerBackgroundProcessor[StandardEngine[Catalina]]] org.apache.catalina.startup.HostConfig.undeploy Undeploying context [/ks]
15-Aug-2017 11:19:08.157 INFO [ContainerBackgroundProcessor[StandardEngine[Catalina]]] org.springframework.context.support.AbstractApplicationContext.doClose Closing Root WebApplicationContext: startup date [Tue Aug 15 09:51:54 EDT 2017]; root of context hierarchy
15-Aug-2017 11:19:08.160 INFO [ContainerBackgroundProcessor[StandardEngine[Catalina]]] org.springframework.beans.factory.support.DefaultSingletonBeanRegistry.destroySingletons Destroying singletons in org.springframework.beans.factory.support.DefaultListableBeanFactory@34abbec7: defining beans [wikiService,org.springframework.context.annotation.internalConfigurationAnnotationProcessor,org.springframework.context.annotation.internalAutowiredAnnotationProcessor,org.springframework.context.annotation.internalRequiredAnnotationProcessor,org.springframework.context.annotation.internalCommonAnnotationProcessor,transactionBo]; root of factory hierarchy
15-Aug-2017 11:19:08.221 INFO [ContainerBackgroundProcessor[StandardEngine[Catalina]]] org.apache.catalina.startup.HostConfig.deployWAR Deploying web application archive [C:\Elastic\knowspace-fork\ks-j\apache-tomcat-9.0.0.M26\webapps\ks.war]
15-Aug-2017 11:19:09.296 INFO [ContainerBackgroundProcessor[StandardEngine[Catalina]]] org.springframework.web.context.ContextLoader.initWebApplicationContext Root WebApplicationContext: initialization started
15-Aug-2017 11:19:09.337 INFO [ContainerBackgroundProcessor[StandardEngine[Catalina]]] org.springframework.context.support.AbstractApplicationContext.prepareRefresh Refreshing Root WebApplicationContext: startup date [Tue Aug 15 11:19:09 EDT 2017]; root of context hierarchy
15-Aug-2017 11:19:09.395 INFO [ContainerBackgroundProcessor[StandardEngine[Catalina]]] org.springframework.beans.factory.xml.XmlBeanDefinitionReader.loadBeanDefinitions Loading XML bean definitions from class path resource [applicationContext.xml]
15-Aug-2017 11:19:09.587 INFO [ContainerBackgroundProcessor[StandardEngine[Catalina]]] org.springframework.beans.factory.support.DefaultListableBeanFactory.preInstantiateSingletons Pre-instantiating singletons in org.springframework.beans.factory.support.DefaultListableBeanFactory@4210ef40: defining beans [wikiService,org.springframework.context.annotation.internalConfigurationAnnotationProcessor,org.springframework.context.annotation.internalAutowiredAnnotationProcessor,org.springframework.context.annotation.internalRequiredAnnotationProcessor,org.springframework.context.annotation.internalCommonAnnotationProcessor,transactionBo]; root of factory hierarchy
15-Aug-2017 11:19:09.610 INFO [ContainerBackgroundProcessor[StandardEngine[Catalina]]] org.springframework.web.context.ContextLoader.initWebApplicationContext Root WebApplicationContext: initialization completed in 314 ms
15-Aug-2017 11:19:09.622 INFO [ContainerBackgroundProcessor[StandardEngine[Catalina]]] com.sun.jersey.api.core.PackagesResourceConfig.init Scanning for root resource and provider classes in the packages:
  com.ks.rest
15-Aug-2017 11:19:09.648 INFO [ContainerBackgroundProcessor[StandardEngine[Catalina]]] com.sun.jersey.api.core.ScanningResourceConfig.logClasses Root resource classes found:
  class com.ks.rest.WikiService
15-Aug-2017 11:19:09.648 INFO [ContainerBackgroundProcessor[StandardEngine[Catalina]]] com.sun.jersey.api.core.ScanningResourceConfig.init No provider classes found.
15-Aug-2017 11:19:09.725 INFO [ContainerBackgroundProcessor[StandardEngine[Catalina]]] com.sun.jersey.spi.spring.container.servlet.SpringServlet.getContext Using default applicationContext
15-Aug-2017 11:19:09.727 INFO [ContainerBackgroundProcessor[StandardEngine[Catalina]]] com.sun.jersey.spi.spring.container.SpringComponentProviderFactory.registerSpringBeans Registering Spring bean, wikiService, of type com.ks.rest.WikiService as a root resource class
15-Aug-2017 11:19:09.732 INFO [ContainerBackgroundProcessor[StandardEngine[Catalina]]] com.sun.jersey.server.impl.application.WebApplicationImpl._initiate Initiating Jersey application, version 'Jersey: 1.19.4 05/24/2017 03:20 PM'
15-Aug-2017 11:19:10.491 WARNING [ContainerBackgroundProcessor[StandardEngine[Catalina]]] com.sun.jersey.spi.inject.Errors.processErrorMessages The following warnings have been detected with resource and/or provider classes:
  WARNING: A sub-resource method, public javax.ws.rs.core.Response com.ks.rest.WikiService.savePayment(), with URI template, "/", is treated as a resource method
15-Aug-2017 11:19:10.494 INFO [ContainerBackgroundProcessor[StandardEngine[Catalina]]] org.apache.catalina.startup.HostConfig.deployWAR Deployment of web application archive [C:\Elastic\knowspace-fork\ks-j\apache-tomcat-9.0.0.M26\webapps\ks.war] has finished in [2,274] ms
15-Aug-2017 11:21:40.543 INFO [ContainerBackgroundProcessor[StandardEngine[Catalina]]] org.apache.catalina.startup.HostConfig.undeploy Undeploying context [/ks]
15-Aug-2017 11:21:40.545 INFO [ContainerBackgroundProcessor[StandardEngine[Catalina]]] org.springframework.context.support.AbstractApplicationContext.doClose Closing Root WebApplicationContext: startup date [Tue Aug 15 11:19:09 EDT 2017]; root of context hierarchy
15-Aug-2017 11:21:40.545 INFO [ContainerBackgroundProcessor[StandardEngine[Catalina]]] org.springframework.beans.factory.support.DefaultSingletonBeanRegistry.destroySingletons Destroying singletons in org.springframework.beans.factory.support.DefaultListableBeanFactory@4210ef40: defining beans [wikiService,org.springframework.context.annotation.internalConfigurationAnnotationProcessor,org.springframework.context.annotation.internalAutowiredAnnotationProcessor,org.springframework.context.annotation.internalRequiredAnnotationProcessor,org.springframework.context.annotation.internalCommonAnnotationProcessor,transactionBo]; root of factory hierarchy
15-Aug-2017 11:21:40.581 INFO [ContainerBackgroundProcessor[StandardEngine[Catalina]]] org.apache.catalina.startup.HostConfig.deployWAR Deploying web application archive [C:\Elastic\knowspace-fork\ks-j\apache-tomcat-9.0.0.M26\webapps\ks.war]
15-Aug-2017 11:21:41.388 INFO [ContainerBackgroundProcessor[StandardEngine[Catalina]]] org.springframework.web.context.ContextLoader.initWebApplicationContext Root WebApplicationContext: initialization started
15-Aug-2017 11:21:41.424 INFO [ContainerBackgroundProcessor[StandardEngine[Catalina]]] org.springframework.context.support.AbstractApplicationContext.prepareRefresh Refreshing Root WebApplicationContext: startup date [Tue Aug 15 11:21:41 EDT 2017]; root of context hierarchy
15-Aug-2017 11:21:41.480 INFO [ContainerBackgroundProcessor[StandardEngine[Catalina]]] org.springframework.beans.factory.xml.XmlBeanDefinitionReader.loadBeanDefinitions Loading XML bean definitions from class path resource [applicationContext.xml]
15-Aug-2017 11:21:41.658 INFO [ContainerBackgroundProcessor[StandardEngine[Catalina]]] org.springframework.beans.factory.support.DefaultListableBeanFactory.preInstantiateSingletons Pre-instantiating singletons in org.springframework.beans.factory.support.DefaultListableBeanFactory@6d6dde9f: defining beans [wikiService,org.springframework.context.annotation.internalConfigurationAnnotationProcessor,org.springframework.context.annotation.internalAutowiredAnnotationProcessor,org.springframework.context.annotation.internalRequiredAnnotationProcessor,org.springframework.context.annotation.internalCommonAnnotationProcessor,transactionBo]; root of factory hierarchy
15-Aug-2017 11:21:41.678 INFO [ContainerBackgroundProcessor[StandardEngine[Catalina]]] org.springframework.web.context.ContextLoader.initWebApplicationContext Root WebApplicationContext: initialization completed in 290 ms
15-Aug-2017 11:21:41.690 INFO [ContainerBackgroundProcessor[StandardEngine[Catalina]]] com.sun.jersey.api.core.PackagesResourceConfig.init Scanning for root resource and provider classes in the packages:
  com.ks.rest
15-Aug-2017 11:21:41.716 INFO [ContainerBackgroundProcessor[StandardEngine[Catalina]]] com.sun.jersey.api.core.ScanningResourceConfig.logClasses Root resource classes found:
  class com.ks.rest.WikiService
15-Aug-2017 11:21:41.716 INFO [ContainerBackgroundProcessor[StandardEngine[Catalina]]] com.sun.jersey.api.core.ScanningResourceConfig.init No provider classes found.
15-Aug-2017 11:21:41.794 INFO [ContainerBackgroundProcessor[StandardEngine[Catalina]]] com.sun.jersey.spi.spring.container.servlet.SpringServlet.getContext Using default applicationContext
15-Aug-2017 11:21:41.796 INFO [ContainerBackgroundProcessor[StandardEngine[Catalina]]] com.sun.jersey.spi.spring.container.SpringComponentProviderFactory.registerSpringBeans Registering Spring bean, wikiService, of type com.ks.rest.WikiService as a root resource class
15-Aug-2017 11:21:41.800 INFO [ContainerBackgroundProcessor[StandardEngine[Catalina]]] com.sun.jersey.server.impl.application.WebApplicationImpl._initiate Initiating Jersey application, version 'Jersey: 1.19.4 05/24/2017 03:20 PM'
15-Aug-2017 11:21:42.613 WARNING [ContainerBackgroundProcessor[StandardEngine[Catalina]]] com.sun.jersey.spi.inject.Errors.processErrorMessages The following warnings have been detected with resource and/or provider classes:
  WARNING: A sub-resource method, public javax.ws.rs.core.Response com.ks.rest.WikiService.savePayment(), with URI template, "/", is treated as a resource method
15-Aug-2017 11:21:42.616 INFO [ContainerBackgroundProcessor[StandardEngine[Catalina]]] org.apache.catalina.startup.HostConfig.deployWAR Deployment of web application archive [C:\Elastic\knowspace-fork\ks-j\apache-tomcat-9.0.0.M26\webapps\ks.war] has finished in [2,035] ms
